Determining if the pthread_create exist failed with the following output:
Change Dir: /home/alexandr/CLionProjects/Compiler_Graph/cmake-build-debug/CMakeFiles/CMakeTmp

Run Build Command(s):/usr/bin/make cmTC_0246a/fast 
/usr/bin/make -f CMakeFiles/cmTC_0246a.dir/build.make CMakeFiles/cmTC_0246a.dir/build
make[1]: вход в каталог «/home/alexandr/CLionProjects/Compiler_Graph/cmake-build-debug/CMakeFiles/CMakeTmp»
Building C object CMakeFiles/cmTC_0246a.dir/CheckSymbolExists.c.o
/usr/bin/cc    -o CMakeFiles/cmTC_0246a.dir/CheckSymbolExists.c.o   -c /home/alexandr/CLionProjects/Compiler_Graph/cmake-build-debug/CMakeFiles/CMakeTmp/CheckSymbolExists.c
Linking C executable cmTC_0246a
/snap/clion/83/bin/cmake/linux/bin/cmake -E cmake_link_script CMakeFiles/cmTC_0246a.dir/link.txt --verbose=1
/usr/bin/cc      -rdynamic CMakeFiles/cmTC_0246a.dir/CheckSymbolExists.c.o  -o cmTC_0246a 
CMakeFiles/cmTC_0246a.dir/CheckSymbolExists.c.o: In function `main':
CheckSymbolExists.c:(.text+0x1b): undefined reference to `pthread_create'
collect2: error: ld returned 1 exit status
CMakeFiles/cmTC_0246a.dir/build.make:86: recipe for target 'cmTC_0246a' failed
make[1]: *** [cmTC_0246a] Error 1
make[1]: выход из каталога «/home/alexandr/CLionProjects/Compiler_Graph/cmake-build-debug/CMakeFiles/CMakeTmp»
Makefile:121: recipe for target 'cmTC_0246a/fast' failed
make: *** [cmTC_0246a/fast] Error 2

File /home/alexandr/CLionProjects/Compiler_Graph/cmake-build-debug/CMakeFiles/CMakeTmp/CheckSymbolExists.c:
/* */
#include <pthread.h>

int main(int argc, char** argv)
{
  (void)argv;
#ifndef pthread_create
  return ((int*)(&pthread_create))[argc];
#else
  (void)argc;
  return 0;
#endif
}

Determining if the function pthread_create exists in the pthreads failed with the following output:
Change Dir: /home/alexandr/CLionProjects/Compiler_Graph/cmake-build-debug/CMakeFiles/CMakeTmp

Run Build Command(s):/usr/bin/make cmTC_98d11/fast 
/usr/bin/make -f CMakeFiles/cmTC_98d11.dir/build.make CMakeFiles/cmTC_98d11.dir/build
make[1]: вход в каталог «/home/alexandr/CLionProjects/Compiler_Graph/cmake-build-debug/CMakeFiles/CMakeTmp»
Building C object CMakeFiles/cmTC_98d11.dir/CheckFunctionExists.c.o
/usr/bin/cc   -DCHECK_FUNCTION_EXISTS=pthread_create   -o CMakeFiles/cmTC_98d11.dir/CheckFunctionExists.c.o   -c /snap/clion/83/bin/cmake/linux/share/cmake-3.14/Modules/CheckFunctionExists.c
Linking C executable cmTC_98d11
/snap/clion/83/bin/cmake/linux/bin/cmake -E cmake_link_script CMakeFiles/cmTC_98d11.dir/link.txt --verbose=1
/usr/bin/cc  -DCHECK_FUNCTION_EXISTS=pthread_create    -rdynamic CMakeFiles/cmTC_98d11.dir/CheckFunctionExists.c.o  -o cmTC_98d11 -lpthreads 
/usr/bin/ld: cannot find -lpthreads
collect2: error: ld returned 1 exit status
CMakeFiles/cmTC_98d11.dir/build.make:86: recipe for target 'cmTC_98d11' failed
make[1]: *** [cmTC_98d11] Error 1
make[1]: выход из каталога «/home/alexandr/CLionProjects/Compiler_Graph/cmake-build-debug/CMakeFiles/CMakeTmp»
Makefile:121: recipe for target 'cmTC_98d11/fast' failed
make: *** [cmTC_98d11/fast] Error 2


Determining if the pthread_create exist failed with the following output:
Change Dir: /home/alexandr/CLionProjects/Compiler_Graph/cmake-build-debug/CMakeFiles/CMakeTmp

Run Build Command:"/usr/bin/make" "cmTC_d2400/fast"
/usr/bin/make -f CMakeFiles/cmTC_d2400.dir/build.make CMakeFiles/cmTC_d2400.dir/build
make[1]: вход в каталог «/home/alexandr/CLionProjects/Compiler_Graph/cmake-build-debug/CMakeFiles/CMakeTmp»
Building C object CMakeFiles/cmTC_d2400.dir/CheckSymbolExists.c.o
/usr/bin/cc    -o CMakeFiles/cmTC_d2400.dir/CheckSymbolExists.c.o   -c /home/alexandr/CLionProjects/Compiler_Graph/cmake-build-debug/CMakeFiles/CMakeTmp/CheckSymbolExists.c
Linking C executable cmTC_d2400
/usr/bin/cmake -E cmake_link_script CMakeFiles/cmTC_d2400.dir/link.txt --verbose=1
/usr/bin/cc      -rdynamic CMakeFiles/cmTC_d2400.dir/CheckSymbolExists.c.o  -o cmTC_d2400 
CMakeFiles/cmTC_d2400.dir/CheckSymbolExists.c.o: In function `main':
CheckSymbolExists.c:(.text+0x1b): undefined reference to `pthread_create'
collect2: error: ld returned 1 exit status
CMakeFiles/cmTC_d2400.dir/build.make:97: recipe for target 'cmTC_d2400' failed
make[1]: *** [cmTC_d2400] Error 1
make[1]: выход из каталога «/home/alexandr/CLionProjects/Compiler_Graph/cmake-build-debug/CMakeFiles/CMakeTmp»
Makefile:126: recipe for target 'cmTC_d2400/fast' failed
make: *** [cmTC_d2400/fast] Error 2

File /home/alexandr/CLionProjects/Compiler_Graph/cmake-build-debug/CMakeFiles/CMakeTmp/CheckSymbolExists.c:
/* */
#include <pthread.h>

int main(int argc, char** argv)
{
  (void)argv;
#ifndef pthread_create
  return ((int*)(&pthread_create))[argc];
#else
  (void)argc;
  return 0;
#endif
}

Determining if the function pthread_create exists in the pthreads failed with the following output:
Change Dir: /home/alexandr/CLionProjects/Compiler_Graph/cmake-build-debug/CMakeFiles/CMakeTmp

Run Build Command:"/usr/bin/make" "cmTC_699b9/fast"
/usr/bin/make -f CMakeFiles/cmTC_699b9.dir/build.make CMakeFiles/cmTC_699b9.dir/build
make[1]: вход в каталог «/home/alexandr/CLionProjects/Compiler_Graph/cmake-build-debug/CMakeFiles/CMakeTmp»
Building C object CMakeFiles/cmTC_699b9.dir/CheckFunctionExists.c.o
/usr/bin/cc   -DCHECK_FUNCTION_EXISTS=pthread_create   -o CMakeFiles/cmTC_699b9.dir/CheckFunctionExists.c.o   -c /usr/share/cmake-3.10/Modules/CheckFunctionExists.c
Linking C executable cmTC_699b9
/usr/bin/cmake -E cmake_link_script CMakeFiles/cmTC_699b9.dir/link.txt --verbose=1
/usr/bin/cc  -DCHECK_FUNCTION_EXISTS=pthread_create    -rdynamic CMakeFiles/cmTC_699b9.dir/CheckFunctionExists.c.o  -o cmTC_699b9 -lpthreads 
/usr/bin/ld: cannot find -lpthreads
collect2: error: ld returned 1 exit status
CMakeFiles/cmTC_699b9.dir/build.make:97: recipe for target 'cmTC_699b9' failed
make[1]: *** [cmTC_699b9] Error 1
make[1]: выход из каталога «/home/alexandr/CLionProjects/Compiler_Graph/cmake-build-debug/CMakeFiles/CMakeTmp»
Makefile:126: recipe for target 'cmTC_699b9/fast' failed
make: *** [cmTC_699b9/fast] Error 2


